<?xml version="1.0" encoding="UTF-8"?>
<testsuite name="AMEE" failures="1" tests="1" time="0.043" errors="0">
  <properties/>
  <testcase name="estSelectByEnd" time="0.014" classname="gc.carbon.test.profile.ProfileCategoryGET">
    <failure type="java.lang.NullPointerException">
      <![CDATA[java.lang.NullPointerException
	at gc.carbon.test.APITestCase.addHeaders(APITestCase.java:77)
	at gc.carbon.test.APITestCase.get(APITestCase.java:85)
	at gc.carbon.test.profile.BaseProfileCategory.doGet(BaseProfileCategory.java:45)
	at gc.carbon.test.profile.ProfileCategoryGET.estSelectByEnd(ProfileCategoryGET.java:142)
... Removed 22 stack frames]]>
    </failure>
  </testcase>
</testsuite>
