<testng-results>
  <reporter-output>
  </reporter-output>
  <suite name="Custom suite">
    <groups>
    </groups>
    <test name="AMEE">
      <class name="gc.carbon.test.profile.ProfileCategoryGET">
        <test-method status="FAIL" signature="estSelectByEnd()" name="estSelectByEnd" duration-ms="14" started-at="2008-11-17T09:51:44Z" finished-at="2008-11-17T09:51:44Z">
          <exception class="java.lang.NullPointerException">
            <full-stacktrace>
              <![CDATA[java.lang.NullPointerException
	at gc.carbon.test.APITestCase.addHeaders(APITestCase.java:77)
	at gc.carbon.test.APITestCase.get(APITestCase.java:85)
	at gc.carbon.test.profile.BaseProfileCategory.doGet(BaseProfileCategory.java:45)
	at gc.carbon.test.profile.ProfileCategoryGET.estSelectByEnd(ProfileCategoryGET.java:142)
	at sun.reflect.NativeMethodAccessorImpl.invoke0(Native Method)
	at sun.reflect.NativeMethodAccessorImpl.invoke(NativeMethodAccessorImpl.java:39)
	at sun.reflect.DelegatingMethodAccessorImpl.invoke(DelegatingMethodAccessorImpl.java:25)
	at java.lang.reflect.Method.invoke(Method.java:585)
	at org.testng.internal.MethodHelper.invokeMethod(MethodHelper.java:580)
	at org.testng.internal.Invoker.invokeMethod(Invoker.java:517)
	at org.testng.internal.Invoker.invokeTestMethod(Invoker.java:669)
	at org.testng.internal.Invoker.invokeTestMethods(Invoker.java:956)
	at org.testng.internal.TestMethodWorker.invokeTestMethods(TestMethodWorker.java:126)
	at org.testng.internal.TestMethodWorker.run(TestMethodWorker.java:110)
	at org.testng.TestRunner.runWorkers(TestRunner.java:720)
	at org.testng.TestRunner.privateRun(TestRunner.java:590)
	at org.testng.TestRunner.run(TestRunner.java:484)
	at org.testng.SuiteRunner.runTest(SuiteRunner.java:332)
	at org.testng.SuiteRunner.runSequentially(SuiteRunner.java:327)
	at org.testng.SuiteRunner.privateRun(SuiteRunner.java:299)
	at org.testng.SuiteRunner.run(SuiteRunner.java:204)
	at org.testng.TestNG.createAndRunSuiteRunners(TestNG.java:864)
	at org.testng.TestNG.runSuitesLocally(TestNG.java:830)
	at org.testng.TestNG.run(TestNG.java:748)
	at org.testng.remote.RemoteTestNG.run(RemoteTestNG.java:73)
	at org.testng.remote.RemoteTestNG.main(RemoteTestNG.java:124)
]]>
            </full-stacktrace>
          </exception>
        </test-method>
      </class>
    </test>
  </suite>
</testng-results>
